# JRE version: OpenJDK Runtime Environment (8.0_242-b01) (build 1.8.0_242-release-1644-b01)
# Java VM: OpenJDK 64-Bit Server VM (25.242-b01 mixed mode windows-amd64 compressed oops)
Heap:
 PSYoungGen      total 218112K, used 185476K [0x00000000d5580000, 0x00000000e4d00000, 0x0000000100000000)
  eden space 182272K, 99% used [0x00000000d5580000,0x00000000e0629948,0x00000000e0780000)
  from space 35840K, 12% used [0x00000000e2a00000,0x00000000e2e77908,0x00000000e4d00000)
  to   space 35328K, 0% used [0x00000000e0780000,0x00000000e0780000,0x00000000e2a00000)
 ParOldGen       total 169984K, used 58054K [0x0000000080000000, 0x000000008a600000, 0x00000000d5580000)
  object space 169984K, 34% used [0x0000000080000000,0x00000000838b1bb0,0x000000008a600000)
 Metaspace       used 96864K, capacity 100906K, committed 103192K, reserved 1138688K
  class space    used 12545K, capacity 13358K, committed 13864K, reserved 1048576K
GC Heap History (10 events):
Event: 8888.345 GC heap before
{Heap before GC invocations=22 (full 3):
 PSYoungGen      total 186880K, used 186445K [0x00000000d5580000, 0x00000000e3a00000, 0x0000000100000000)
  eden space 174080K, 100% used [0x00000000d5580000,0x00000000dff80000,0x00000000dff80000)
  from space 12800K, 96% used [0x00000000e2d80000,0x00000000e3993498,0x00000000e3a00000)
  to   space 23552K, 0% used [0x00000000e0c00000,0x00000000e0c00000,0x00000000e2300000)
 ParOldGen       total 112640K, used 45017K [0x0000000080000000, 0x0000000086e00000, 0x00000000d5580000)
  object space 112640K, 39% used [0x0000000080000000,0x0000000082bf65f0,0x0000000086e00000)
 Metaspace       used 83082K, capacity 87088K, committed 87320K, reserved 1124352K
  class space    used 10872K, capacity 11700K, committed 11816K, reserved 1048576K
Event: 8888.566 GC heap after
Heap after GC invocations=22 (full 3):
 PSYoungGen      total 185344K, used 17175K [0x00000000d5580000, 0x00000000e2e00000, 0x0000000100000000)
  eden space 167936K, 0% used [0x00000000d5580000,0x00000000d5580000,0x00000000df980000)
  from space 17408K, 98% used [0x00000000e0c00000,0x00000000e1cc5d38,0x00000000e1d00000)
  to   space 17408K, 0% used [0x00000000e1d00000,0x00000000e1d00000,0x00000000e2e00000)
 ParOldGen       total 112640K, used 45025K [0x0000000080000000, 0x0000000086e00000, 0x00000000d5580000)
  object space 112640K, 39% used [0x0000000080000000,0x0000000082bf85f0,0x0000000086e00000)
 Metaspace       used 83082K, capacity 87088K, committed 87320K, reserved 1124352K
  class space    used 10872K, capacity 11700K, committed 11816K, reserved 1048576K
}
Event: 8898.212 GC heap before
{Heap before GC invocations=23 (full 3):
 PSYoungGen      total 185344K, used 185111K [0x00000000d5580000, 0x00000000e2e00000, 0x0000000100000000)
  eden space 167936K, 100% used [0x00000000d5580000,0x00000000df980000,0x00000000df980000)
  from space 17408K, 98% used [0x00000000e0c00000,0x00000000e1cc5d38,0x00000000e1d00000)
  to   space 17408K, 0% used [0x00000000e1d00000,0x00000000e1d00000,0x00000000e2e00000)
 ParOldGen       total 112640K, used 45025K [0x0000000080000000, 0x0000000086e00000, 0x00000000d5580000)
  object space 112640K, 39% used [0x0000000080000000,0x0000000082bf85f0,0x0000000086e00000)
 Metaspace       used 87727K, capacity 92144K, committed 92312K, reserved 1128448K
  class space    used 11478K, capacity 12338K, committed 12456K, reserved 1048576K
Event: 8898.278 GC heap after
Heap after GC invocations=23 (full 3):
 PSYoungGen      total 179712K, used 17405K [0x00000000d5580000, 0x00000000e3500000, 0x0000000100000000)
  eden space 162304K, 0% used [0x00000000d5580000,0x00000000d5580000,0x00000000df400000)
  from space 17408K, 99% used [0x00000000e1d00000,0x00000000e2dff6e8,0x00000000e2e00000)
  to   space 33280K, 0% used [0x00000000df400000,0x00000000df400000,0x00000000e1480000)
 ParOldGen       total 112640K, used 65152K [0x0000000080000000, 0x0000000086e00000, 0x00000000d5580000)
  object space 112640K, 57% used [0x0000000080000000,0x0000000083fa01d8,0x0000000086e00000)
 Metaspace       used 87727K, capacity 92144K, committed 92312K, reserved 1128448K
  class space    used 11478K, capacity 12338K, committed 12456K, reserved 1048576K
}
Event: 8902.210 GC heap before
{Heap before GC invocations=24 (full 3):
 PSYoungGen      total 179712K, used 151689K [0x00000000d5580000, 0x00000000e3500000, 0x0000000100000000)
  eden space 162304K, 82% used [0x00000000d5580000,0x00000000dd8a2e50,0x00000000df400000)
  from space 17408K, 99% used [0x00000000e1d00000,0x00000000e2dff6e8,0x00000000e2e00000)
  to   space 33280K, 0% used [0x00000000df400000,0x00000000df400000,0x00000000e1480000)
 ParOldGen       total 112640K, used 65152K [0x0000000080000000, 0x0000000086e00000, 0x00000000d5580000)
  object space 112640K, 57% used [0x0000000080000000,0x0000000083fa01d8,0x0000000086e00000)
 Metaspace       used 93571K, capacity 98500K, committed 98584K, reserved 1134592K
  class space    used 12361K, capacity 13308K, committed 13352K, reserved 1048576K
Event: 8902.424 GC heap after
Heap after GC invocations=24 (full 3):
 PSYoungGen      total 195584K, used 25975K [0x00000000d5580000, 0x00000000e4d00000, 0x0000000100000000)
  eden space 162304K, 0% used [0x00000000d5580000,0x00000000d5580000,0x00000000df400000)
  from space 33280K, 78% used [0x00000000df400000,0x00000000e0d5dd10,0x00000000e1480000)
  to   space 35840K, 0% used [0x00000000e2a00000,0x00000000e2a00000,0x00000000e4d00000)
 ParOldGen       total 112640K, used 71756K [0x0000000080000000, 0x0000000086e00000, 0x00000000d5580000)
  object space 112640K, 63% used [0x0000000080000000,0x00000000846133e0,0x0000000086e00000)
 Metaspace       used 93571K, capacity 98500K, committed 98584K, reserved 1134592K
  class space    used 12361K, capacity 13308K, committed 13352K, reserved 1048576K
}
Event: 8902.425 GC heap before
{Heap before GC invocations=25 (full 4):
 PSYoungGen      total 195584K, used 25975K [0x00000000d5580000, 0x00000000e4d00000, 0x0000000100000000)
  eden space 162304K, 0% used [0x00000000d5580000,0x00000000d5580000,0x00000000df400000)
  from space 33280K, 78% used [0x00000000df400000,0x00000000e0d5dd10,0x00000000e1480000)
  to   space 35840K, 0% used [0x00000000e2a00000,0x00000000e2a00000,0x00000000e4d00000)
 ParOldGen       total 112640K, used 71756K [0x0000000080000000, 0x0000000086e00000, 0x00000000d5580000)
  object space 112640K, 63% used [0x0000000080000000,0x00000000846133e0,0x0000000086e00000)
 Metaspace       used 93571K, capacity 98500K, committed 98584K, reserved 1134592K
  class space    used 12361K, capacity 13308K, committed 13352K, reserved 1048576K
Event: 8903.205 GC heap after
Heap after GC invocations=25 (full 4):
 PSYoungGen      total 195584K, used 0K [0x00000000d5580000, 0x00000000e4d00000, 0x0000000100000000)
  eden space 162304K, 0% used [0x00000000d5580000,0x00000000d5580000,0x00000000df400000)
  from space 33280K, 0% used [0x00000000df400000,0x00000000df400000,0x00000000e1480000)
  to   space 35840K, 0% used [0x00000000e2a00000,0x00000000e2a00000,0x00000000e4d00000)
 ParOldGen       total 169984K, used 58046K [0x0000000080000000, 0x000000008a600000, 0x00000000d5580000)
  object space 169984K, 34% used [0x0000000080000000,0x00000000838afbb0,0x000000008a600000)
 Metaspace       used 92320K, capacity 96010K, committed 98584K, reserved 1134592K
  class space    used 12079K, capacity 12814K, committed 13352K, reserved 1048576K
}
Event: 8905.928 GC heap before
{Heap before GC invocations=26 (full 4):
 PSYoungGen      total 195584K, used 162304K [0x00000000d5580000, 0x00000000e4d00000, 0x0000000100000000)
  eden space 162304K, 100% used [0x00000000d5580000,0x00000000df400000,0x00000000df400000)
  from space 33280K, 0% used [0x00000000df400000,0x00000000df400000,0x00000000e1480000)
  to   space 35840K, 0% used [0x00000000e2a00000,0x00000000e2a00000,0x00000000e4d00000)
 ParOldGen       total 169984K, used 58046K [0x0000000080000000, 0x000000008a600000, 0x00000000d5580000)
  object space 169984K, 34% used [0x0000000080000000,0x00000000838afbb0,0x000000008a600000)
 Metaspace       used 95891K, capacity 99902K, committed 102040K, reserved 1138688K
  class space    used 12489K, capacity 13262K, committed 13736K, reserved 1048576K
Event: 8905.940 GC heap after
Heap after GC invocations=26 (full 4):
 PSYoungGen      total 218112K, used 4574K [0x00000000d5580000, 0x00000000e4d00000, 0x0000000100000000)
  eden space 182272K, 0% used [0x00000000d5580000,0x00000000d5580000,0x00000000e0780000)
  from space 35840K, 12% used [0x00000000e2a00000,0x00000000e2e77908,0x00000000e4d00000)
  to   space 35328K, 0% used [0x00000000e0780000,0x00000000e0780000,0x00000000e2a00000)
 ParOldGen       total 169984K, used 58054K [0x0000000080000000, 0x000000008a600000, 0x00000000d5580000)
  object space 169984K, 34% used [0x0000000080000000,0x00000000838b1bb0,0x000000008a600000)
 Metaspace       used 95891K, capacity 99902K, committed 102040K, reserved 1138688K
  class space    used 12489K, capacity 13262K, committed 13736K, reserved 1048576K
}

